[2026-03-04T09:47:16.064Z] login_page_opened {"url":"https://www.xiaohongshu.com/explore","requestedUrl":"https://www.xiaohongshu.com/explore"}
[2026-03-04T09:47:18.769Z] login_polling {"url":"https://www.xiaohongshu.com/explore","elapsedMs":874}
[2026-03-04T09:47:20.273Z] login_cookie_detected {"url":"https://www.xiaohongshu.com/explore","cookieCount":11}
[2026-03-04T09:47:20.465Z] login_polling {"url":"https://www.xiaohongshu.com/explore","elapsedMs":2573}
[2026-03-04T09:47:21.989Z] login_cookie_detected {"url":"https://www.xiaohongshu.com/explore","cookieCount":11}
[2026-03-04T09:47:22.218Z] login_polling {"url":"https://www.xiaohongshu.com/explore","elapsedMs":4326}
[2026-03-04T09:47:23.729Z] login_cookie_detected {"url":"https://www.xiaohongshu.com/explore","cookieCount":11}
[2026-03-04T09:47:24.122Z] login_polling {"url":"https://www.xiaohongshu.com/explore","elapsedMs":6230}
[2026-03-04T09:47:25.681Z] login_cookie_detected {"url":"https://www.xiaohongshu.com/explore","cookieCount":11}
[2026-03-04T09:47:25.881Z] login_polling {"url":"https://www.xiaohongshu.com/explore","elapsedMs":7989}
[2026-03-04T09:47:27.387Z] login_cookie_detected {"url":"https://www.xiaohongshu.com/explore","cookieCount":12}
[2026-03-04T09:47:27.545Z] login_polling {"url":"https://www.xiaohongshu.com/explore","elapsedMs":9653}
[2026-03-04T09:47:29.058Z] login_cookie_detected {"url":"https://www.xiaohongshu.com/explore","cookieCount":12}
[2026-03-04T09:47:29.264Z] login_polling {"url":"https://www.xiaohongshu.com/explore","elapsedMs":11372}
[2026-03-04T09:47:30.769Z] login_cookie_detected {"url":"https://www.xiaohongshu.com/explore","cookieCount":12}
[2026-03-04T09:47:30.931Z] login_polling {"url":"https://www.xiaohongshu.com/explore","elapsedMs":13039}
[2026-03-04T09:47:32.435Z] login_cookie_detected {"url":"https://www.xiaohongshu.com/explore","cookieCount":12}
[2026-03-04T09:47:32.870Z] login_polling {"url":"https://www.xiaohongshu.com/explore","elapsedMs":14978}
[2026-03-04T09:47:34.388Z] login_cookie_detected {"url":"https://www.xiaohongshu.com/explore","cookieCount":12}
[2026-03-04T09:47:34.591Z] login_polling {"url":"https://www.xiaohongshu.com/explore","elapsedMs":16699}
[2026-03-04T09:47:36.109Z] login_cookie_detected {"url":"https://www.xiaohongshu.com/explore","cookieCount":13}
[2026-03-04T09:47:36.291Z] login_polling {"url":"https://www.xiaohongshu.com/explore","elapsedMs":18399}
[2026-03-04T09:47:37.795Z] login_cookie_detected {"url":"https://www.xiaohongshu.com/explore","cookieCount":13}
[2026-03-04T09:47:37.818Z] login_polling {"url":"https://www.xiaohongshu.com/explore","elapsedMs":19926}
[2026-03-04T09:47:39.326Z] login_cookie_detected {"url":"https://www.xiaohongshu.com/explore","cookieCount":13}
[2026-03-04T09:47:39.363Z] login_polling {"url":"https://www.xiaohongshu.com/explore","elapsedMs":21471}
[2026-03-04T09:47:40.869Z] login_cookie_detected {"url":"https://www.xiaohongshu.com/explore","cookieCount":13}
[2026-03-04T09:47:40.913Z] login_polling {"url":"https://www.xiaohongshu.com/explore","elapsedMs":23021}
[2026-03-04T09:47:42.422Z] login_cookie_detected {"url":"https://www.xiaohongshu.com/explore","cookieCount":13}
[2026-03-04T09:47:42.696Z] login_polling {"url":"https://www.xiaohongshu.com/explore","elapsedMs":24803}
[2026-03-04T09:47:44.208Z] login_cookie_detected {"url":"https://www.xiaohongshu.com/explore","cookieCount":13}
[2026-03-04T09:47:44.242Z] login_polling {"url":"https://www.xiaohongshu.com/explore","elapsedMs":26350}
[2026-03-04T09:47:45.749Z] login_cookie_detected {"url":"https://www.xiaohongshu.com/explore","cookieCount":13}
[2026-03-04T09:47:45.892Z] login_polling {"url":"https://www.xiaohongshu.com/explore","elapsedMs":28000}
[2026-03-04T09:47:47.407Z] login_cookie_detected {"url":"https://www.xiaohongshu.com/explore","cookieCount":13}
[2026-03-04T09:47:47.462Z] login_polling {"url":"https://www.xiaohongshu.com/explore","elapsedMs":29570}
[2026-03-04T09:47:48.964Z] login_cookie_detected {"url":"https://www.xiaohongshu.com/explore","cookieCount":13}
[2026-03-04T09:47:48.979Z] login_polling {"url":"https://www.xiaohongshu.com/explore","elapsedMs":31087}
[2026-03-04T09:47:50.487Z] login_cookie_detected {"url":"https://www.xiaohongshu.com/explore","cookieCount":13}
[2026-03-04T09:47:50.547Z] login_polling {"url":"https://www.xiaohongshu.com/explore","elapsedMs":32655}
[2026-03-04T09:47:52.058Z] login_cookie_detected {"url":"https://www.xiaohongshu.com/explore","cookieCount":13}
[2026-03-04T09:47:52.084Z] login_polling {"url":"https://www.xiaohongshu.com/explore","elapsedMs":34192}
[2026-03-04T09:47:53.596Z] login_cookie_detected {"url":"https://www.xiaohongshu.com/explore","cookieCount":13}
[2026-03-04T09:47:53.619Z] login_polling {"url":"https://www.xiaohongshu.com/explore","elapsedMs":35727}
[2026-03-04T09:47:55.124Z] login_cookie_detected {"url":"https://www.xiaohongshu.com/explore","cookieCount":13}
[2026-03-04T09:47:55.145Z] login_polling {"url":"https://www.xiaohongshu.com/explore","elapsedMs":37253}
[2026-03-04T09:47:56.652Z] login_cookie_detected {"url":"https://www.xiaohongshu.com/explore","cookieCount":13}
[2026-03-04T09:47:56.796Z] login_polling {"url":"https://www.xiaohongshu.com/explore","elapsedMs":38904}
[2026-03-04T09:47:58.301Z] login_cookie_detected {"url":"https://www.xiaohongshu.com/explore","cookieCount":13}
[2026-03-04T09:47:58.313Z] login_polling {"url":"https://www.xiaohongshu.com/explore","elapsedMs":40421}
[2026-03-04T09:47:59.822Z] login_cookie_detected {"url":"https://www.xiaohongshu.com/explore","cookieCount":13}
[2026-03-04T09:47:59.845Z] login_polling {"url":"https://www.xiaohongshu.com/explore","elapsedMs":41953}
[2026-03-04T09:48:01.346Z] login_window_closed {"elapsedMs":43454,"sawAuthCookie":true}
[2026-03-04T09:48:02.549Z] login_final_validation {"ok":true,"info":{"url":"https://www.xiaohongshu.com/search_result/?keyword=%E6%BD%AE%E7%8E%A9&type=1","hasLogin":false,"hasCaptcha":false,"isHomeFeed":false}}
[2026-03-05T02:16:41.442Z] login_page_opened {"url":"https://www.xiaohongshu.com/explore","requestedUrl":"https://www.xiaohongshu.com/explore"}
[2026-03-05T02:16:43.662Z] login_polling {"url":"https://www.xiaohongshu.com/explore","elapsedMs":240}
[2026-03-05T02:16:45.170Z] login_cookie_detected {"url":"https://www.xiaohongshu.com/explore","cookieCount":11}
[2026-03-05T02:16:45.277Z] login_polling {"url":"https://www.xiaohongshu.com/explore","elapsedMs":1855}
[2026-03-05T02:16:46.781Z] login_cookie_detected {"url":"https://www.xiaohongshu.com/explore","cookieCount":11}
[2026-03-05T02:16:46.874Z] login_polling {"url":"https://www.xiaohongshu.com/explore","elapsedMs":3452}
[2026-03-05T02:16:49.653Z] login_cookie_detected {"url":"https://www.xiaohongshu.com/explore","cookieCount":11}
[2026-03-05T02:16:49.771Z] login_polling {"url":"https://www.xiaohongshu.com/explore","elapsedMs":6349}
[2026-03-05T02:16:51.274Z] login_cookie_detected {"url":"https://www.xiaohongshu.com/explore","cookieCount":12}
[2026-03-05T02:16:51.370Z] login_polling {"url":"https://www.xiaohongshu.com/explore","elapsedMs":7948}
[2026-03-05T02:16:52.874Z] login_cookie_detected {"url":"https://www.xiaohongshu.com/explore","cookieCount":12}
[2026-03-05T02:16:52.971Z] login_polling {"url":"https://www.xiaohongshu.com/explore","elapsedMs":9549}
[2026-03-05T02:16:54.474Z] login_cookie_detected {"url":"https://www.xiaohongshu.com/explore","cookieCount":12}
[2026-03-05T02:16:54.571Z] login_polling {"url":"https://www.xiaohongshu.com/explore","elapsedMs":11149}
[2026-03-05T02:16:56.072Z] login_cookie_detected {"url":"https://www.xiaohongshu.com/explore","cookieCount":12}
[2026-03-05T02:16:56.172Z] login_polling {"url":"https://www.xiaohongshu.com/explore","elapsedMs":12750}
[2026-03-05T02:16:57.675Z] login_cookie_detected {"url":"https://www.xiaohongshu.com/explore","cookieCount":12}
[2026-03-05T02:16:57.772Z] login_polling {"url":"https://www.xiaohongshu.com/explore","elapsedMs":14350}
[2026-03-05T02:16:59.276Z] login_cookie_detected {"url":"https://www.xiaohongshu.com/explore","cookieCount":12}
[2026-03-05T02:16:59.377Z] login_polling {"url":"https://www.xiaohongshu.com/explore","elapsedMs":15955}
[2026-03-05T02:17:00.879Z] login_cookie_detected {"url":"https://www.xiaohongshu.com/explore","cookieCount":13}
[2026-03-05T02:17:00.889Z] login_polling {"url":"https://www.xiaohongshu.com/explore","elapsedMs":17467}
[2026-03-05T02:17:02.391Z] login_cookie_detected {"url":"https://www.xiaohongshu.com/explore","cookieCount":13}
[2026-03-05T02:17:02.403Z] login_polling {"url":"https://www.xiaohongshu.com/explore","elapsedMs":18981}
[2026-03-05T02:17:03.904Z] login_cookie_detected {"url":"https://www.xiaohongshu.com/explore","cookieCount":13}
[2026-03-05T02:17:03.914Z] login_polling {"url":"https://www.xiaohongshu.com/explore","elapsedMs":20492}
[2026-03-05T02:17:05.420Z] login_cookie_detected {"url":"https://www.xiaohongshu.com/explore","cookieCount":13}
[2026-03-05T02:17:05.430Z] login_polling {"url":"https://www.xiaohongshu.com/explore","elapsedMs":22008}
[2026-03-05T02:17:06.936Z] login_cookie_detected {"url":"https://www.xiaohongshu.com/explore","cookieCount":13}
[2026-03-05T02:17:06.961Z] login_polling {"url":"https://www.xiaohongshu.com/explore","elapsedMs":23539}
[2026-03-05T02:17:08.464Z] login_cookie_detected {"url":"https://www.xiaohongshu.com/explore","cookieCount":13}
[2026-03-05T02:17:08.473Z] login_polling {"url":"https://www.xiaohongshu.com/explore","elapsedMs":25051}
[2026-03-05T02:17:09.978Z] login_cookie_detected {"url":"https://www.xiaohongshu.com/explore","cookieCount":13}
[2026-03-05T02:17:09.995Z] login_polling {"url":"https://www.xiaohongshu.com/explore","elapsedMs":26573}
[2026-03-05T02:17:11.497Z] login_cookie_detected {"url":"https://www.xiaohongshu.com/explore","cookieCount":13}
[2026-03-05T02:17:11.507Z] login_polling {"url":"https://www.xiaohongshu.com/explore","elapsedMs":28085}
[2026-03-05T02:17:13.011Z] login_cookie_detected {"url":"https://www.xiaohongshu.com/explore","cookieCount":13}
[2026-03-05T02:17:13.021Z] login_polling {"url":"https://www.xiaohongshu.com/explore","elapsedMs":29599}
[2026-03-05T02:17:14.524Z] login_cookie_detected {"url":"https://www.xiaohongshu.com/explore","cookieCount":13}
[2026-03-05T02:17:14.538Z] login_polling {"url":"https://www.xiaohongshu.com/explore","elapsedMs":31116}
[2026-03-05T02:17:16.053Z] login_cookie_detected {"url":"https://www.xiaohongshu.com/explore","cookieCount":13}
[2026-03-05T02:17:16.074Z] login_polling {"url":"https://www.xiaohongshu.com/explore","elapsedMs":32652}
[2026-03-05T02:17:17.580Z] login_cookie_detected {"url":"https://www.xiaohongshu.com/explore","cookieCount":13}
[2026-03-05T02:17:17.596Z] login_polling {"url":"https://www.xiaohongshu.com/explore","elapsedMs":34173}
[2026-03-05T02:17:19.102Z] login_cookie_detected {"url":"https://www.xiaohongshu.com/explore","cookieCount":13}
[2026-03-05T02:17:19.122Z] login_polling {"url":"https://www.xiaohongshu.com/explore","elapsedMs":35700}
[2026-03-05T02:17:20.623Z] login_cookie_detected {"url":"https://www.xiaohongshu.com/explore","cookieCount":13}
[2026-03-05T02:17:20.638Z] login_polling {"url":"https://www.xiaohongshu.com/explore","elapsedMs":37216}
[2026-03-05T02:17:22.142Z] login_cookie_detected {"url":"https://www.xiaohongshu.com/explore","cookieCount":13}
[2026-03-05T02:17:22.191Z] login_polling {"url":"https://www.xiaohongshu.com/explore","elapsedMs":38769}
[2026-03-05T02:17:23.697Z] login_cookie_detected {"url":"https://www.xiaohongshu.com/explore","cookieCount":13}
[2026-03-05T02:17:23.707Z] login_polling {"url":"https://www.xiaohongshu.com/explore","elapsedMs":40285}
[2026-03-05T02:17:25.210Z] login_cookie_detected {"url":"https://www.xiaohongshu.com/explore","cookieCount":13}
[2026-03-05T02:17:25.231Z] login_polling {"url":"https://www.xiaohongshu.com/explore","elapsedMs":41809}
[2026-03-05T02:17:26.735Z] login_cookie_detected {"url":"https://www.xiaohongshu.com/explore","cookieCount":13}
[2026-03-05T02:17:26.743Z] login_polling {"url":"https://www.xiaohongshu.com/explore","elapsedMs":43321}
[2026-03-05T02:17:28.252Z] login_cookie_detected {"url":"https://www.xiaohongshu.com/explore","cookieCount":13}
[2026-03-05T02:17:28.263Z] login_polling {"url":"https://www.xiaohongshu.com/explore","elapsedMs":44841}
[2026-03-05T02:17:29.770Z] login_cookie_detected {"url":"https://www.xiaohongshu.com/explore","cookieCount":13}
[2026-03-05T02:17:29.780Z] login_polling {"url":"https://www.xiaohongshu.com/explore","elapsedMs":46358}
[2026-03-05T02:17:31.284Z] login_cookie_detected {"url":"https://www.xiaohongshu.com/explore","cookieCount":13}
[2026-03-05T02:17:31.294Z] login_polling {"url":"https://www.xiaohongshu.com/explore","elapsedMs":47872}
[2026-03-05T02:17:32.797Z] login_cookie_detected {"url":"https://www.xiaohongshu.com/explore","cookieCount":13}
[2026-03-05T02:17:32.820Z] login_polling {"url":"https://www.xiaohongshu.com/explore","elapsedMs":49398}
[2026-03-05T02:17:34.391Z] login_cookie_detected {"url":"https://www.xiaohongshu.com/explore","cookieCount":13}
[2026-03-05T02:17:34.424Z] login_polling {"url":"https://www.xiaohongshu.com/explore","elapsedMs":51002}
[2026-03-05T02:17:35.927Z] login_cookie_detected {"url":"https://www.xiaohongshu.com/explore","cookieCount":13}
[2026-03-05T02:17:35.939Z] login_polling {"url":"https://www.xiaohongshu.com/explore","elapsedMs":52517}
[2026-03-05T02:17:37.441Z] login_cookie_detected {"url":"https://www.xiaohongshu.com/explore","cookieCount":13}
[2026-03-05T02:17:37.459Z] login_polling {"url":"https://www.xiaohongshu.com/explore","elapsedMs":54037}
[2026-03-05T02:17:38.961Z] login_cookie_detected {"url":"https://www.xiaohongshu.com/explore","cookieCount":13}
[2026-03-05T02:17:38.974Z] login_polling {"url":"https://www.xiaohongshu.com/explore","elapsedMs":55552}
[2026-03-05T02:17:40.479Z] login_cookie_detected {"url":"https://www.xiaohongshu.com/explore","cookieCount":13}
[2026-03-05T02:17:40.493Z] login_polling {"url":"https://www.xiaohongshu.com/explore","elapsedMs":57071}
[2026-03-05T02:17:41.995Z] login_cookie_detected {"url":"https://www.xiaohongshu.com/explore","cookieCount":13}
[2026-03-05T02:17:42.006Z] login_polling {"url":"https://www.xiaohongshu.com/explore","elapsedMs":58584}
[2026-03-05T02:17:43.508Z] login_cookie_detected {"url":"https://www.xiaohongshu.com/explore","cookieCount":13}
[2026-03-05T02:17:43.524Z] login_polling {"url":"https://www.xiaohongshu.com/explore","elapsedMs":60102}
[2026-03-05T02:17:45.028Z] login_cookie_detected {"url":"https://www.xiaohongshu.com/explore","cookieCount":13}
[2026-03-05T02:17:45.042Z] login_polling {"url":"https://www.xiaohongshu.com/explore","elapsedMs":61620}
[2026-03-05T02:17:46.547Z] login_cookie_detected {"url":"https://www.xiaohongshu.com/explore","cookieCount":13}
[2026-03-05T02:17:46.579Z] login_polling {"url":"https://www.xiaohongshu.com/explore","elapsedMs":63157}
[2026-03-05T02:17:48.082Z] login_cookie_detected {"url":"https://www.xiaohongshu.com/explore","cookieCount":13}
[2026-03-05T02:17:48.093Z] login_polling {"url":"https://www.xiaohongshu.com/explore","elapsedMs":64671}
[2026-03-05T02:17:49.596Z] login_cookie_detected {"url":"https://www.xiaohongshu.com/explore","cookieCount":13}
[2026-03-05T02:17:49.606Z] login_polling {"url":"https://www.xiaohongshu.com/explore","elapsedMs":66183}
[2026-03-05T02:17:51.184Z] login_cookie_detected {"url":"https://www.xiaohongshu.com/explore","cookieCount":13}
[2026-03-05T02:17:51.317Z] login_polling {"url":"https://www.xiaohongshu.com/explore","elapsedMs":67895}
[2026-03-05T02:17:52.829Z] login_cookie_detected {"url":"https://www.xiaohongshu.com/explore","cookieCount":13}
[2026-03-05T02:17:52.849Z] login_polling {"url":"https://www.xiaohongshu.com/explore","elapsedMs":69427}
[2026-03-05T02:17:54.435Z] login_cookie_detected {"url":"https://www.xiaohongshu.com/explore","cookieCount":13}
[2026-03-05T02:17:54.468Z] login_polling {"url":"https://www.xiaohongshu.com/explore","elapsedMs":71046}
[2026-03-05T02:17:55.971Z] login_cookie_detected {"url":"https://www.xiaohongshu.com/explore","cookieCount":13}
[2026-03-05T02:17:55.983Z] login_polling {"url":"https://www.xiaohongshu.com/explore","elapsedMs":72561}
[2026-03-05T02:17:57.486Z] login_cookie_detected {"url":"https://www.xiaohongshu.com/explore","cookieCount":13}
[2026-03-05T02:17:57.502Z] login_polling {"url":"https://www.xiaohongshu.com/explore","elapsedMs":74080}
[2026-03-05T02:17:59.005Z] login_cookie_detected {"url":"https://www.xiaohongshu.com/explore","cookieCount":13}
[2026-03-05T02:17:59.029Z] login_polling {"url":"https://www.xiaohongshu.com/explore","elapsedMs":75607}
[2026-03-05T02:18:00.533Z] login_cookie_detected {"url":"https://www.xiaohongshu.com/explore","cookieCount":13}
[2026-03-05T02:18:00.544Z] login_polling {"url":"https://www.xiaohongshu.com/explore","elapsedMs":77122}
[2026-03-05T02:18:02.155Z] login_cookie_detected {"url":"https://www.xiaohongshu.com/explore","cookieCount":13}
[2026-03-05T02:18:02.247Z] login_polling {"url":"https://www.xiaohongshu.com/explore","elapsedMs":78825}
[2026-03-05T02:18:03.750Z] login_cookie_detected {"url":"https://www.xiaohongshu.com/explore","cookieCount":13}
[2026-03-05T02:18:03.787Z] login_polling {"url":"https://www.xiaohongshu.com/explore","elapsedMs":80365}
[2026-03-05T02:18:05.289Z] login_cookie_detected {"url":"https://www.xiaohongshu.com/explore","cookieCount":13}
[2026-03-05T02:18:05.340Z] login_polling {"url":"https://www.xiaohongshu.com/explore","elapsedMs":81918}
[2026-03-05T02:18:06.843Z] login_cookie_detected {"url":"https://www.xiaohongshu.com/explore","cookieCount":13}
[2026-03-05T02:18:06.861Z] login_polling {"url":"https://www.xiaohongshu.com/explore","elapsedMs":83439}
[2026-03-05T02:18:08.363Z] login_cookie_detected {"url":"https://www.xiaohongshu.com/explore","cookieCount":13}
[2026-03-05T02:18:08.373Z] login_polling {"url":"https://www.xiaohongshu.com/explore","elapsedMs":84951}
[2026-03-05T02:18:09.875Z] login_cookie_detected {"url":"https://www.xiaohongshu.com/explore","cookieCount":13}
[2026-03-05T02:18:09.890Z] login_polling {"url":"https://www.xiaohongshu.com/explore","elapsedMs":86468}
[2026-03-05T02:18:11.391Z] login_cookie_detected {"url":"https://www.xiaohongshu.com/explore","cookieCount":13}
[2026-03-05T02:18:11.412Z] login_polling {"url":"https://www.xiaohongshu.com/explore","elapsedMs":87990}
[2026-03-05T02:18:12.919Z] login_cookie_detected {"url":"https://www.xiaohongshu.com/explore","cookieCount":13}
[2026-03-05T02:18:12.935Z] login_polling {"url":"https://www.xiaohongshu.com/explore","elapsedMs":89513}
[2026-03-05T02:18:14.437Z] login_cookie_detected {"url":"https://www.xiaohongshu.com/explore","cookieCount":13}
[2026-03-05T02:18:14.452Z] login_polling {"url":"https://www.xiaohongshu.com/explore","elapsedMs":91030}
[2026-03-05T02:18:15.954Z] login_cookie_detected {"url":"https://www.xiaohongshu.com/explore","cookieCount":13}
[2026-03-05T02:18:15.969Z] login_polling {"url":"https://www.xiaohongshu.com/explore","elapsedMs":92547}
[2026-03-05T02:18:17.552Z] login_cookie_detected {"url":"https://www.xiaohongshu.com/explore","cookieCount":13}
[2026-03-05T02:18:17.593Z] login_polling {"url":"https://www.xiaohongshu.com/explore","elapsedMs":94171}
[2026-03-05T02:18:19.097Z] login_cookie_detected {"url":"https://www.xiaohongshu.com/explore","cookieCount":13}
[2026-03-05T02:18:19.121Z] login_polling {"url":"https://www.xiaohongshu.com/explore","elapsedMs":95699}
[2026-03-05T02:18:20.624Z] login_cookie_detected {"url":"https://www.xiaohongshu.com/explore","cookieCount":13}
[2026-03-05T02:18:20.638Z] login_polling {"url":"https://www.xiaohongshu.com/explore","elapsedMs":97216}
[2026-03-05T02:18:22.141Z] login_cookie_detected {"url":"https://www.xiaohongshu.com/explore","cookieCount":13}
[2026-03-05T02:18:22.154Z] login_polling {"url":"https://www.xiaohongshu.com/explore","elapsedMs":98732}
[2026-03-05T02:18:23.656Z] login_cookie_detected {"url":"https://www.xiaohongshu.com/explore","cookieCount":13}
[2026-03-05T02:18:23.670Z] login_polling {"url":"https://www.xiaohongshu.com/explore","elapsedMs":100248}
[2026-03-05T02:18:25.173Z] login_cookie_detected {"url":"https://www.xiaohongshu.com/explore","cookieCount":13}
[2026-03-05T02:18:25.186Z] login_polling {"url":"https://www.xiaohongshu.com/explore","elapsedMs":101764}
[2026-03-05T02:18:26.689Z] login_cookie_detected {"url":"https://www.xiaohongshu.com/explore","cookieCount":13}
[2026-03-05T02:18:26.703Z] login_polling {"url":"https://www.xiaohongshu.com/explore","elapsedMs":103281}
[2026-03-05T02:18:28.205Z] login_cookie_detected {"url":"https://www.xiaohongshu.com/explore","cookieCount":13}
[2026-03-05T02:18:28.219Z] login_polling {"url":"https://www.xiaohongshu.com/explore","elapsedMs":104797}
[2026-03-05T02:18:29.721Z] login_cookie_detected {"url":"https://www.xiaohongshu.com/explore","cookieCount":13}
[2026-03-05T02:18:29.738Z] login_polling {"url":"https://www.xiaohongshu.com/explore","elapsedMs":106316}
[2026-03-05T02:18:31.241Z] login_cookie_detected {"url":"https://www.xiaohongshu.com/explore","cookieCount":13}
[2026-03-05T02:18:31.255Z] login_polling {"url":"https://www.xiaohongshu.com/explore","elapsedMs":107833}
[2026-03-05T02:18:32.757Z] login_cookie_detected {"url":"https://www.xiaohongshu.com/explore","cookieCount":13}
[2026-03-05T02:18:32.773Z] login_polling {"url":"https://www.xiaohongshu.com/explore","elapsedMs":109351}
[2026-03-05T02:18:34.277Z] login_cookie_detected {"url":"https://www.xiaohongshu.com/explore","cookieCount":13}
[2026-03-05T02:18:34.289Z] login_polling {"url":"https://www.xiaohongshu.com/explore","elapsedMs":110867}
[2026-03-05T02:18:35.794Z] login_cookie_detected {"url":"https://www.xiaohongshu.com/explore","cookieCount":13}
[2026-03-05T02:18:35.808Z] login_polling {"url":"https://www.xiaohongshu.com/explore","elapsedMs":112386}
[2026-03-05T02:18:37.311Z] login_cookie_detected {"url":"https://www.xiaohongshu.com/explore","cookieCount":13}
[2026-03-05T02:18:37.321Z] login_polling {"url":"https://www.xiaohongshu.com/explore","elapsedMs":113899}
[2026-03-05T02:18:38.822Z] login_cookie_detected {"url":"https://www.xiaohongshu.com/explore","cookieCount":13}
[2026-03-05T02:18:38.838Z] login_polling {"url":"https://www.xiaohongshu.com/explore","elapsedMs":115416}
[2026-03-05T02:18:40.339Z] login_cookie_detected {"url":"https://www.xiaohongshu.com/explore","cookieCount":13}
[2026-03-05T02:18:40.353Z] login_polling {"url":"https://www.xiaohongshu.com/explore","elapsedMs":116931}
[2026-03-05T02:18:41.857Z] login_cookie_detected {"url":"https://www.xiaohongshu.com/explore","cookieCount":13}
[2026-03-05T02:18:41.872Z] login_polling {"url":"https://www.xiaohongshu.com/explore","elapsedMs":118450}
[2026-03-05T02:18:43.374Z] login_cookie_detected {"url":"https://www.xiaohongshu.com/explore","cookieCount":13}
[2026-03-05T02:18:43.388Z] login_polling {"url":"https://www.xiaohongshu.com/explore","elapsedMs":119966}
[2026-03-05T02:18:44.890Z] login_cookie_detected {"url":"https://www.xiaohongshu.com/explore","cookieCount":13}
[2026-03-05T02:18:44.903Z] login_polling {"url":"https://www.xiaohongshu.com/explore","elapsedMs":121481}
[2026-03-05T02:18:46.418Z] login_cookie_detected {"url":"https://www.xiaohongshu.com/explore","cookieCount":13}
[2026-03-05T02:18:46.436Z] login_polling {"url":"https://www.xiaohongshu.com/explore","elapsedMs":123014}
[2026-03-05T02:18:47.946Z] login_cookie_detected {"url":"https://www.xiaohongshu.com/explore","cookieCount":13}
[2026-03-05T02:18:48.014Z] login_polling {"url":"https://www.xiaohongshu.com/explore","elapsedMs":124592}
[2026-03-05T02:18:49.518Z] login_cookie_detected {"url":"https://www.xiaohongshu.com/explore","cookieCount":13}
[2026-03-05T02:18:49.527Z] login_polling {"url":"https://www.xiaohongshu.com/explore","elapsedMs":126105}
[2026-03-05T02:18:51.031Z] login_cookie_detected {"url":"https://www.xiaohongshu.com/explore","cookieCount":13}
[2026-03-05T02:18:51.041Z] login_polling {"url":"https://www.xiaohongshu.com/explore","elapsedMs":127619}
[2026-03-05T02:18:52.545Z] login_cookie_detected {"url":"https://www.xiaohongshu.com/explore","cookieCount":13}
[2026-03-05T02:18:52.555Z] login_polling {"url":"https://www.xiaohongshu.com/explore","elapsedMs":129133}
[2026-03-05T02:18:54.057Z] login_cookie_detected {"url":"https://www.xiaohongshu.com/explore","cookieCount":13}
[2026-03-05T02:18:54.070Z] login_polling {"url":"https://www.xiaohongshu.com/explore","elapsedMs":130648}
[2026-03-05T02:18:55.571Z] login_cookie_detected {"url":"https://www.xiaohongshu.com/explore","cookieCount":13}
[2026-03-05T02:18:55.584Z] login_polling {"url":"https://www.xiaohongshu.com/explore","elapsedMs":132162}
[2026-03-05T02:18:57.087Z] login_cookie_detected {"url":"https://www.xiaohongshu.com/explore","cookieCount":13}
[2026-03-05T02:18:57.102Z] login_polling {"url":"https://www.xiaohongshu.com/explore","elapsedMs":133680}
[2026-03-05T02:18:58.606Z] login_cookie_detected {"url":"https://www.xiaohongshu.com/explore","cookieCount":13}
[2026-03-05T02:18:58.625Z] login_polling {"url":"https://www.xiaohongshu.com/explore","elapsedMs":135203}
[2026-03-05T02:19:00.126Z] login_cookie_detected {"url":"https://www.xiaohongshu.com/explore","cookieCount":13}
[2026-03-05T02:19:00.138Z] login_polling {"url":"https://www.xiaohongshu.com/explore","elapsedMs":136716}
[2026-03-05T02:19:01.640Z] login_cookie_detected {"url":"https://www.xiaohongshu.com/explore","cookieCount":13}
[2026-03-05T02:19:01.652Z] login_polling {"url":"https://www.xiaohongshu.com/explore","elapsedMs":138230}
[2026-03-05T02:19:03.155Z] login_cookie_detected {"url":"https://www.xiaohongshu.com/explore","cookieCount":13}
[2026-03-05T02:19:03.168Z] login_polling {"url":"https://www.xiaohongshu.com/explore","elapsedMs":139746}
[2026-03-05T02:19:04.672Z] login_cookie_detected {"url":"https://www.xiaohongshu.com/explore","cookieCount":13}
[2026-03-05T02:19:04.688Z] login_polling {"url":"https://www.xiaohongshu.com/explore","elapsedMs":141266}
[2026-03-05T02:19:06.190Z] login_cookie_detected {"url":"https://www.xiaohongshu.com/explore","cookieCount":13}
[2026-03-05T02:19:06.212Z] login_polling {"url":"https://www.xiaohongshu.com/explore","elapsedMs":142790}
[2026-03-05T02:19:07.719Z] login_cookie_detected {"url":"https://www.xiaohongshu.com/explore","cookieCount":13}
[2026-03-05T02:19:07.728Z] login_polling {"url":"https://www.xiaohongshu.com/explore","elapsedMs":144306}
[2026-03-05T02:19:09.234Z] login_cookie_detected {"url":"https://www.xiaohongshu.com/explore","cookieCount":13}
[2026-03-05T02:19:09.251Z] login_polling {"url":"https://www.xiaohongshu.com/explore","elapsedMs":145829}
[2026-03-05T02:19:10.754Z] login_cookie_detected {"url":"https://www.xiaohongshu.com/explore","cookieCount":13}
[2026-03-05T02:19:10.770Z] login_polling {"url":"https://www.xiaohongshu.com/explore","elapsedMs":147348}
[2026-03-05T02:19:12.272Z] login_cookie_detected {"url":"https://www.xiaohongshu.com/explore","cookieCount":13}
[2026-03-05T02:19:12.287Z] login_polling {"url":"https://www.xiaohongshu.com/explore","elapsedMs":148865}
[2026-03-05T02:19:13.789Z] login_cookie_detected {"url":"https://www.xiaohongshu.com/explore","cookieCount":13}
[2026-03-05T02:19:13.804Z] login_polling {"url":"https://www.xiaohongshu.com/explore","elapsedMs":150382}
[2026-03-05T02:19:15.305Z] login_cookie_detected {"url":"https://www.xiaohongshu.com/explore","cookieCount":13}
[2026-03-05T02:19:15.318Z] login_polling {"url":"https://www.xiaohongshu.com/explore","elapsedMs":151896}
[2026-03-05T02:19:16.820Z] login_cookie_detected {"url":"https://www.xiaohongshu.com/explore","cookieCount":13}
[2026-03-05T02:19:16.869Z] login_polling {"url":"https://www.xiaohongshu.com/explore","elapsedMs":153447}
[2026-03-05T02:19:18.377Z] login_cookie_detected {"url":"https://www.xiaohongshu.com/explore","cookieCount":13}
[2026-03-05T02:19:18.394Z] login_polling {"url":"https://www.xiaohongshu.com/explore","elapsedMs":154972}
[2026-03-05T02:19:19.899Z] login_cookie_detected {"url":"https://www.xiaohongshu.com/explore","cookieCount":13}
[2026-03-05T02:19:19.909Z] login_polling {"url":"https://www.xiaohongshu.com/explore","elapsedMs":156487}
[2026-03-05T02:19:21.411Z] login_cookie_detected {"url":"https://www.xiaohongshu.com/explore","cookieCount":13}
[2026-03-05T02:19:21.421Z] login_polling {"url":"https://www.xiaohongshu.com/explore","elapsedMs":157999}
[2026-03-05T02:19:22.924Z] login_cookie_detected {"url":"https://www.xiaohongshu.com/explore","cookieCount":13}
[2026-03-05T02:19:22.937Z] login_polling {"url":"https://www.xiaohongshu.com/explore","elapsedMs":159515}
[2026-03-05T02:19:24.441Z] login_cookie_detected {"url":"https://www.xiaohongshu.com/explore","cookieCount":13}
[2026-03-05T02:19:24.467Z] login_polling {"url":"https://www.xiaohongshu.com/explore","elapsedMs":161045}
[2026-03-05T02:19:25.969Z] login_cookie_detected {"url":"https://www.xiaohongshu.com/explore","cookieCount":13}
[2026-03-05T02:19:25.979Z] login_polling {"url":"https://www.xiaohongshu.com/explore","elapsedMs":162557}
[2026-03-05T02:19:27.483Z] login_cookie_detected {"url":"https://www.xiaohongshu.com/explore","cookieCount":13}
[2026-03-05T02:19:27.492Z] login_polling {"url":"https://www.xiaohongshu.com/explore","elapsedMs":164070}
[2026-03-05T02:19:28.995Z] login_cookie_detected {"url":"https://www.xiaohongshu.com/explore","cookieCount":13}
[2026-03-05T02:19:29.006Z] login_polling {"url":"https://www.xiaohongshu.com/explore","elapsedMs":165584}
[2026-03-05T02:19:30.509Z] login_cookie_detected {"url":"https://www.xiaohongshu.com/explore","cookieCount":13}
[2026-03-05T02:19:30.519Z] login_polling {"url":"https://www.xiaohongshu.com/explore","elapsedMs":167097}
[2026-03-05T02:19:32.022Z] login_cookie_detected {"url":"https://www.xiaohongshu.com/explore","cookieCount":13}
[2026-03-05T02:19:32.036Z] login_polling {"url":"https://www.xiaohongshu.com/explore","elapsedMs":168614}
[2026-03-05T02:19:33.539Z] login_cookie_detected {"url":"https://www.xiaohongshu.com/explore","cookieCount":13}
[2026-03-05T02:19:33.552Z] login_polling {"url":"https://www.xiaohongshu.com/explore","elapsedMs":170130}
[2026-03-05T02:19:35.057Z] login_cookie_detected {"url":"https://www.xiaohongshu.com/explore","cookieCount":13}
[2026-03-05T02:19:35.076Z] login_polling {"url":"https://www.xiaohongshu.com/explore","elapsedMs":171654}
[2026-03-05T02:19:36.584Z] login_cookie_detected {"url":"https://www.xiaohongshu.com/explore","cookieCount":13}
[2026-03-05T02:19:36.594Z] login_polling {"url":"https://www.xiaohongshu.com/explore","elapsedMs":173172}
[2026-03-05T02:19:38.098Z] login_cookie_detected {"url":"https://www.xiaohongshu.com/explore","cookieCount":13}
[2026-03-05T02:19:38.108Z] login_polling {"url":"https://www.xiaohongshu.com/explore","elapsedMs":174686}
[2026-03-05T02:19:39.610Z] login_cookie_detected {"url":"https://www.xiaohongshu.com/explore","cookieCount":13}
[2026-03-05T02:19:39.620Z] login_polling {"url":"https://www.xiaohongshu.com/explore","elapsedMs":176198}
[2026-03-05T02:19:41.120Z] login_cookie_detected {"url":"https://www.xiaohongshu.com/explore","cookieCount":13}
[2026-03-05T02:19:41.135Z] login_polling {"url":"https://www.xiaohongshu.com/explore","elapsedMs":177713}
[2026-03-05T02:19:42.636Z] login_cookie_detected {"url":"https://www.xiaohongshu.com/explore","cookieCount":13}
[2026-03-05T02:19:42.645Z] login_polling {"url":"https://www.xiaohongshu.com/explore","elapsedMs":179223}
[2026-03-05T02:19:44.151Z] login_timeout {"urls":["https://www.xiaohongshu.com/explore"]}
[2026-03-05T02:33:16.284Z] login_page_opened {"url":"https://www.xiaohongshu.com/explore","requestedUrl":"https://www.xiaohongshu.com/explore"}
[2026-03-05T02:33:18.117Z] login_polling {"url":"https://www.xiaohongshu.com/explore","elapsedMs":122}
[2026-03-05T02:33:19.620Z] login_cookie_detected {"url":"https://www.xiaohongshu.com/explore","cookieCount":11}
[2026-03-05T02:33:19.720Z] login_polling {"url":"https://www.xiaohongshu.com/explore","elapsedMs":1725}
[2026-03-05T02:33:21.223Z] login_cookie_detected {"url":"https://www.xiaohongshu.com/explore","cookieCount":11}
[2026-03-05T02:33:21.325Z] login_polling {"url":"https://www.xiaohongshu.com/explore","elapsedMs":3330}
[2026-03-05T02:33:22.830Z] login_cookie_detected {"url":"https://www.xiaohongshu.com/explore","cookieCount":11}
[2026-03-05T02:33:22.918Z] login_polling {"url":"https://www.xiaohongshu.com/explore","elapsedMs":4923}
[2026-03-05T02:33:24.717Z] login_cookie_detected {"url":"https://www.xiaohongshu.com/explore","cookieCount":11}
[2026-03-05T02:33:24.836Z] login_polling {"url":"https://www.xiaohongshu.com/explore","elapsedMs":6841}
[2026-03-05T02:33:26.346Z] login_cookie_detected {"url":"https://www.xiaohongshu.com/explore","cookieCount":12}
[2026-03-05T02:33:26.458Z] login_polling {"url":"https://www.xiaohongshu.com/explore","elapsedMs":8463}
[2026-03-05T02:33:27.966Z] login_cookie_detected {"url":"https://www.xiaohongshu.com/explore","cookieCount":12}
[2026-03-05T02:33:28.069Z] login_polling {"url":"https://www.xiaohongshu.com/explore","elapsedMs":10074}
[2026-03-05T02:33:29.577Z] login_cookie_detected {"url":"https://www.xiaohongshu.com/explore","cookieCount":12}
[2026-03-05T02:33:33.725Z] login_polling {"url":"https://www.xiaohongshu.com/explore","elapsedMs":15730}
[2026-03-05T02:33:35.230Z] login_cookie_detected {"url":"https://www.xiaohongshu.com/explore","cookieCount":12}
[2026-03-05T02:33:38.268Z] login_polling {"url":"https://www.xiaohongshu.com/explore","elapsedMs":20273}
[2026-03-05T02:33:39.772Z] login_cookie_detected {"url":"https://www.xiaohongshu.com/explore","cookieCount":12}
[2026-03-05T02:33:39.867Z] login_polling {"url":"https://www.xiaohongshu.com/explore","elapsedMs":21872}
[2026-03-05T02:33:41.376Z] login_cookie_detected {"url":"https://www.xiaohongshu.com/explore","cookieCount":13}
[2026-03-05T02:33:41.398Z] login_polling {"url":"https://www.xiaohongshu.com/explore","elapsedMs":23403}
[2026-03-05T02:33:42.907Z] login_cookie_detected {"url":"https://www.xiaohongshu.com/explore","cookieCount":13}
[2026-03-05T02:33:42.934Z] login_polling {"url":"https://www.xiaohongshu.com/explore","elapsedMs":24939}
[2026-03-05T02:33:44.437Z] login_cookie_detected {"url":"https://www.xiaohongshu.com/explore","cookieCount":13}
[2026-03-05T02:33:44.453Z] login_polling {"url":"https://www.xiaohongshu.com/explore","elapsedMs":26458}
[2026-03-05T02:33:45.957Z] login_cookie_detected {"url":"https://www.xiaohongshu.com/explore","cookieCount":13}
[2026-03-05T02:33:45.970Z] login_polling {"url":"https://www.xiaohongshu.com/explore","elapsedMs":27975}
[2026-03-05T02:33:47.471Z] login_cookie_detected {"url":"https://www.xiaohongshu.com/explore","cookieCount":13}
[2026-03-05T02:33:47.481Z] login_polling {"url":"https://www.xiaohongshu.com/explore","elapsedMs":29486}
[2026-03-05T02:33:48.983Z] login_cookie_detected {"url":"https://www.xiaohongshu.com/explore/69a64bd00000000022022435?xsec_token=ABS72xurZ8p266txafZEogpk1ghvxHYqBhBV7do2fNb30=&xsec_source=pc_feed","cookieCount":13}
[2026-03-05T02:33:48.992Z] login_polling {"url":"https://www.xiaohongshu.com/explore/69a64bd00000000022022435?xsec_token=ABS72xurZ8p266txafZEogpk1ghvxHYqBhBV7do2fNb30=&xsec_source=pc_feed","elapsedMs":30997}
[2026-03-05T02:33:50.495Z] login_cookie_detected {"url":"https://www.xiaohongshu.com/explore/69a64bd00000000022022435?xsec_token=ABS72xurZ8p266txafZEogpk1ghvxHYqBhBV7do2fNb30=&xsec_source=pc_feed","cookieCount":13}
[2026-03-05T02:33:50.758Z] login_polling {"url":"https://www.xiaohongshu.com/explore/69a64bd00000000022022435?xsec_token=ABS72xurZ8p266txafZEogpk1ghvxHYqBhBV7do2fNb30=&xsec_source=pc_feed","elapsedMs":32763}
[2026-03-05T02:33:52.261Z] login_cookie_detected {"url":"https://www.xiaohongshu.com/explore/69a64bd00000000022022435?xsec_token=ABS72xurZ8p266txafZEogpk1ghvxHYqBhBV7do2fNb30=&xsec_source=pc_feed","cookieCount":13}
[2026-03-05T02:33:52.279Z] login_polling {"url":"https://www.xiaohongshu.com/explore/69a64bd00000000022022435?xsec_token=ABS72xurZ8p266txafZEogpk1ghvxHYqBhBV7do2fNb30=&xsec_source=pc_feed","elapsedMs":34284}
[2026-03-05T02:33:53.783Z] login_cookie_detected {"url":"https://www.xiaohongshu.com/explore/69a64bd00000000022022435?xsec_token=ABS72xurZ8p266txafZEogpk1ghvxHYqBhBV7do2fNb30=&xsec_source=pc_feed","cookieCount":13}
[2026-03-05T02:33:53.796Z] login_polling {"url":"https://www.xiaohongshu.com/explore/69a64bd00000000022022435?xsec_token=ABS72xurZ8p266txafZEogpk1ghvxHYqBhBV7do2fNb30=&xsec_source=pc_feed","elapsedMs":35801}
[2026-03-05T02:33:55.299Z] login_cookie_detected {"url":"https://www.xiaohongshu.com/explore/69a64bd00000000022022435?xsec_token=ABS72xurZ8p266txafZEogpk1ghvxHYqBhBV7do2fNb30=&xsec_source=pc_feed","cookieCount":13}
[2026-03-05T02:33:55.312Z] login_polling {"url":"https://www.xiaohongshu.com/explore/69a64bd00000000022022435?xsec_token=ABS72xurZ8p266txafZEogpk1ghvxHYqBhBV7do2fNb30=&xsec_source=pc_feed","elapsedMs":37317}
[2026-03-05T02:33:56.819Z] login_cookie_detected {"url":"https://www.xiaohongshu.com/explore/69a64bd00000000022022435?xsec_token=ABS72xurZ8p266txafZEogpk1ghvxHYqBhBV7do2fNb30=&xsec_source=pc_feed","cookieCount":13}
[2026-03-05T02:33:56.858Z] login_polling {"url":"https://www.xiaohongshu.com/explore/69a64bd00000000022022435?xsec_token=ABS72xurZ8p266txafZEogpk1ghvxHYqBhBV7do2fNb30=&xsec_source=pc_feed","elapsedMs":38863}
[2026-03-05T02:33:58.364Z] login_cookie_detected {"url":"https://www.xiaohongshu.com/explore","cookieCount":13}
[2026-03-05T02:33:58.379Z] login_polling {"url":"https://www.xiaohongshu.com/explore","elapsedMs":40384}
[2026-03-05T02:33:59.882Z] login_cookie_detected {"url":"https://www.xiaohongshu.com/explore","cookieCount":13}
[2026-03-05T02:33:59.892Z] login_polling {"url":"https://www.xiaohongshu.com/explore","elapsedMs":41897}
[2026-03-05T02:34:01.397Z] login_cookie_detected {"url":"https://www.xiaohongshu.com/explore","cookieCount":13}
[2026-03-05T02:34:01.407Z] login_polling {"url":"https://www.xiaohongshu.com/explore","elapsedMs":43412}
[2026-03-05T02:34:02.909Z] login_cookie_detected {"url":"https://www.xiaohongshu.com/explore","cookieCount":13}
[2026-03-05T02:34:02.921Z] login_polling {"url":"https://www.xiaohongshu.com/explore","elapsedMs":44926}
[2026-03-05T02:34:04.423Z] login_cookie_detected {"url":"https://www.xiaohongshu.com/explore","cookieCount":13}
[2026-03-05T02:34:04.437Z] login_polling {"url":"https://www.xiaohongshu.com/explore","elapsedMs":46442}
[2026-03-05T02:34:05.939Z] login_cookie_detected {"url":"https://www.xiaohongshu.com/explore","cookieCount":13}
[2026-03-05T02:34:05.950Z] login_polling {"url":"https://www.xiaohongshu.com/explore","elapsedMs":47955}
[2026-03-05T02:34:07.453Z] login_cookie_detected {"url":"https://www.xiaohongshu.com/explore","cookieCount":13}
[2026-03-05T02:34:07.468Z] login_polling {"url":"https://www.xiaohongshu.com/explore","elapsedMs":49473}
[2026-03-05T02:34:08.970Z] login_cookie_detected {"url":"https://www.xiaohongshu.com/explore","cookieCount":13}
[2026-03-05T02:34:08.983Z] login_polling {"url":"https://www.xiaohongshu.com/explore","elapsedMs":50988}
[2026-03-05T02:34:10.486Z] login_cookie_detected {"url":"https://www.xiaohongshu.com/explore","cookieCount":13}
[2026-03-05T02:34:10.505Z] login_polling {"url":"https://www.xiaohongshu.com/explore","elapsedMs":52510}
[2026-03-05T02:34:12.008Z] login_cookie_detected {"url":"https://www.xiaohongshu.com/explore","cookieCount":13}
[2026-03-05T02:34:12.020Z] login_polling {"url":"https://www.xiaohongshu.com/explore","elapsedMs":54025}
[2026-03-05T02:34:13.522Z] login_cookie_detected {"url":"https://www.xiaohongshu.com/explore","cookieCount":13}
[2026-03-05T02:34:13.535Z] login_polling {"url":"https://www.xiaohongshu.com/explore","elapsedMs":55540}
[2026-03-05T02:34:15.039Z] login_cookie_detected {"url":"https://www.xiaohongshu.com/explore","cookieCount":13}
[2026-03-05T02:34:15.051Z] login_polling {"url":"https://www.xiaohongshu.com/explore","elapsedMs":57056}
[2026-03-05T02:34:16.554Z] login_cookie_detected {"url":"https://www.xiaohongshu.com/explore","cookieCount":13}
[2026-03-05T02:34:16.568Z] login_polling {"url":"https://www.xiaohongshu.com/explore","elapsedMs":58573}
[2026-03-05T02:34:18.071Z] login_cookie_detected {"url":"https://www.xiaohongshu.com/explore","cookieCount":13}
[2026-03-05T02:34:18.083Z] login_polling {"url":"https://www.xiaohongshu.com/explore","elapsedMs":60088}
[2026-03-05T02:34:19.587Z] login_cookie_detected {"url":"https://www.xiaohongshu.com/explore","cookieCount":13}
[2026-03-05T02:34:19.604Z] login_polling {"url":"https://www.xiaohongshu.com/explore","elapsedMs":61609}
[2026-03-05T02:34:21.107Z] login_cookie_detected {"url":"https://www.xiaohongshu.com/explore","cookieCount":13}
[2026-03-05T02:34:21.132Z] login_polling {"url":"https://www.xiaohongshu.com/explore","elapsedMs":63137}
[2026-03-05T02:34:22.635Z] login_cookie_detected {"url":"https://www.xiaohongshu.com/explore","cookieCount":13}
[2026-03-05T02:34:22.651Z] login_polling {"url":"https://www.xiaohongshu.com/explore","elapsedMs":64656}
[2026-03-05T02:34:24.154Z] login_cookie_detected {"url":"https://www.xiaohongshu.com/explore","cookieCount":13}
[2026-03-05T02:34:24.167Z] login_polling {"url":"https://www.xiaohongshu.com/explore","elapsedMs":66172}
[2026-03-05T02:34:25.670Z] login_cookie_detected {"url":"https://www.xiaohongshu.com/explore","cookieCount":13}
[2026-03-05T02:34:25.682Z] login_polling {"url":"https://www.xiaohongshu.com/explore","elapsedMs":67687}
[2026-03-05T02:34:27.185Z] login_cookie_detected {"url":"https://www.xiaohongshu.com/explore","cookieCount":13}
[2026-03-05T02:34:27.199Z] login_polling {"url":"https://www.xiaohongshu.com/explore","elapsedMs":69204}
[2026-03-05T02:34:28.701Z] login_cookie_detected {"url":"https://www.xiaohongshu.com/explore","cookieCount":13}
[2026-03-05T02:34:28.716Z] login_polling {"url":"https://www.xiaohongshu.com/explore","elapsedMs":70721}
[2026-03-05T02:34:30.218Z] login_cookie_detected {"url":"https://www.xiaohongshu.com/explore","cookieCount":13}
[2026-03-05T02:34:30.231Z] login_polling {"url":"https://www.xiaohongshu.com/explore","elapsedMs":72236}
[2026-03-05T02:34:31.733Z] login_cookie_detected {"url":"https://www.xiaohongshu.com/explore","cookieCount":13}
[2026-03-05T02:34:31.742Z] login_polling {"url":"https://www.xiaohongshu.com/explore","elapsedMs":73747}
[2026-03-05T02:34:33.247Z] login_cookie_detected {"url":"https://www.xiaohongshu.com/explore","cookieCount":13}
[2026-03-05T02:34:33.257Z] login_polling {"url":"https://www.xiaohongshu.com/explore","elapsedMs":75262}
[2026-03-05T02:34:34.759Z] login_cookie_detected {"url":"https://www.xiaohongshu.com/explore","cookieCount":13}
[2026-03-05T02:34:34.769Z] login_polling {"url":"https://www.xiaohongshu.com/explore","elapsedMs":76774}
[2026-03-05T02:34:36.272Z] login_cookie_detected {"url":"https://www.xiaohongshu.com/explore","cookieCount":13}
[2026-03-05T02:34:36.283Z] login_polling {"url":"https://www.xiaohongshu.com/explore","elapsedMs":78288}
[2026-03-05T02:34:37.785Z] login_cookie_detected {"url":"https://www.xiaohongshu.com/explore","cookieCount":13}
[2026-03-05T02:34:37.799Z] login_polling {"url":"https://www.xiaohongshu.com/explore","elapsedMs":79804}
[2026-03-05T02:34:39.301Z] login_cookie_detected {"url":"https://www.xiaohongshu.com/explore","cookieCount":13}
[2026-03-05T02:34:39.316Z] login_polling {"url":"https://www.xiaohongshu.com/explore","elapsedMs":81321}
[2026-03-05T02:34:40.819Z] login_cookie_detected {"url":"https://www.xiaohongshu.com/explore","cookieCount":13}
[2026-03-05T02:34:40.833Z] login_polling {"url":"https://www.xiaohongshu.com/explore","elapsedMs":82838}
[2026-03-05T02:34:42.338Z] login_cookie_detected {"url":"https://www.xiaohongshu.com/explore","cookieCount":13}
[2026-03-05T02:34:42.358Z] login_polling {"url":"https://www.xiaohongshu.com/explore","elapsedMs":84363}
[2026-03-05T02:34:43.861Z] login_cookie_detected {"url":"https://www.xiaohongshu.com/explore","cookieCount":13}
[2026-03-05T02:34:43.872Z] login_polling {"url":"https://www.xiaohongshu.com/explore","elapsedMs":85877}
[2026-03-05T02:34:45.374Z] login_cookie_detected {"url":"https://www.xiaohongshu.com/explore","cookieCount":13}
[2026-03-05T02:34:45.384Z] login_polling {"url":"https://www.xiaohongshu.com/explore","elapsedMs":87389}
[2026-03-05T02:34:46.889Z] login_cookie_detected {"url":"https://www.xiaohongshu.com/explore","cookieCount":13}
[2026-03-05T02:34:46.901Z] login_polling {"url":"https://www.xiaohongshu.com/explore","elapsedMs":88906}
[2026-03-05T02:34:48.404Z] login_cookie_detected {"url":"https://www.xiaohongshu.com/explore","cookieCount":13}
[2026-03-05T02:34:48.416Z] login_polling {"url":"https://www.xiaohongshu.com/explore","elapsedMs":90421}
[2026-03-05T02:34:49.918Z] login_cookie_detected {"url":"https://www.xiaohongshu.com/explore","cookieCount":13}
[2026-03-05T02:34:49.931Z] login_polling {"url":"https://www.xiaohongshu.com/explore","elapsedMs":91936}
[2026-03-05T02:34:51.433Z] login_cookie_detected {"url":"https://www.xiaohongshu.com/explore","cookieCount":13}
[2026-03-05T02:34:51.447Z] login_polling {"url":"https://www.xiaohongshu.com/explore","elapsedMs":93452}
[2026-03-05T02:34:52.948Z] login_cookie_detected {"url":"https://www.xiaohongshu.com/explore","cookieCount":13}
[2026-03-05T02:34:52.958Z] login_polling {"url":"https://www.xiaohongshu.com/explore","elapsedMs":94963}
[2026-03-05T02:34:54.463Z] login_cookie_detected {"url":"https://www.xiaohongshu.com/explore","cookieCount":13}
[2026-03-05T02:34:54.473Z] login_polling {"url":"https://www.xiaohongshu.com/explore","elapsedMs":96478}
[2026-03-05T02:34:55.975Z] login_cookie_detected {"url":"https://www.xiaohongshu.com/explore","cookieCount":13}
[2026-03-05T02:34:55.988Z] login_polling {"url":"https://www.xiaohongshu.com/explore","elapsedMs":97992}
[2026-03-05T02:34:57.493Z] login_cookie_detected {"url":"https://www.xiaohongshu.com/explore","cookieCount":13}
[2026-03-05T02:34:57.508Z] login_polling {"url":"https://www.xiaohongshu.com/explore","elapsedMs":99513}
[2026-03-05T02:34:59.012Z] login_cookie_detected {"url":"https://www.xiaohongshu.com/explore","cookieCount":13}
[2026-03-05T02:34:59.022Z] login_polling {"url":"https://www.xiaohongshu.com/explore","elapsedMs":101027}
[2026-03-05T02:35:00.527Z] login_cookie_detected {"url":"https://www.xiaohongshu.com/explore","cookieCount":13}
[2026-03-05T02:35:00.536Z] login_polling {"url":"https://www.xiaohongshu.com/explore","elapsedMs":102541}
[2026-03-05T02:35:02.037Z] login_cookie_detected {"url":"https://www.xiaohongshu.com/explore","cookieCount":13}
[2026-03-05T02:35:02.049Z] login_polling {"url":"https://www.xiaohongshu.com/explore","elapsedMs":104054}
[2026-03-05T02:35:03.551Z] login_cookie_detected {"url":"https://www.xiaohongshu.com/explore","cookieCount":13}
[2026-03-05T02:35:03.568Z] login_polling {"url":"https://www.xiaohongshu.com/explore","elapsedMs":105573}
[2026-03-05T02:35:05.072Z] login_cookie_detected {"url":"https://www.xiaohongshu.com/explore","cookieCount":13}
[2026-03-05T02:35:05.083Z] login_polling {"url":"https://www.xiaohongshu.com/explore","elapsedMs":107088}
[2026-03-05T02:35:06.584Z] login_cookie_detected {"url":"https://www.xiaohongshu.com/explore","cookieCount":13}
[2026-03-05T02:35:06.596Z] login_polling {"url":"https://www.xiaohongshu.com/explore","elapsedMs":108601}
[2026-03-05T02:35:08.162Z] login_cookie_detected {"url":"https://www.xiaohongshu.com/explore","cookieCount":13}
[2026-03-05T02:35:08.186Z] login_polling {"url":"https://www.xiaohongshu.com/explore","elapsedMs":110191}
[2026-03-05T02:35:09.688Z] login_cookie_detected {"url":"https://www.xiaohongshu.com/search_result?keyword=%25E4%25BB%2580%25E4%25B9%2588%25E6%2598%25AFkoc&source=unknown","cookieCount":13}
[2026-03-05T02:35:09.696Z] login_polling {"url":"https://www.xiaohongshu.com/search_result?keyword=%25E4%25BB%2580%25E4%25B9%2588%25E6%2598%25AFkoc&source=unknown","elapsedMs":111701}
[2026-03-05T02:35:11.199Z] login_cookie_detected {"url":"https://www.xiaohongshu.com/search_result?keyword=%25E4%25BB%2580%25E4%25B9%2588%25E6%2598%25AFkoc&source=unknown","cookieCount":13}
[2026-03-05T02:35:11.216Z] login_polling {"url":"https://www.xiaohongshu.com/search_result?keyword=%25E4%25BB%2580%25E4%25B9%2588%25E6%2598%25AFkoc&source=unknown","elapsedMs":113221}
[2026-03-05T02:35:12.718Z] login_cookie_detected {"url":"https://www.xiaohongshu.com/search_result?keyword=%25E4%25BB%2580%25E4%25B9%2588%25E6%2598%25AFkoc&source=unknown","cookieCount":13}
[2026-03-05T02:35:12.730Z] login_polling {"url":"https://www.xiaohongshu.com/search_result?keyword=%25E4%25BB%2580%25E4%25B9%2588%25E6%2598%25AFkoc&source=unknown","elapsedMs":114735}
[2026-03-05T02:35:14.232Z] login_cookie_detected {"url":"https://www.xiaohongshu.com/search_result?keyword=%25E4%25BB%2580%25E4%25B9%2588%25E6%2598%25AFkoc&source=unknown","cookieCount":13}
[2026-03-05T02:35:14.244Z] login_polling {"url":"https://www.xiaohongshu.com/search_result?keyword=%25E4%25BB%2580%25E4%25B9%2588%25E6%2598%25AFkoc&source=unknown","elapsedMs":116249}
[2026-03-05T02:35:15.746Z] login_cookie_detected {"url":"https://www.xiaohongshu.com/search_result?keyword=%25E4%25BB%2580%25E4%25B9%2588%25E6%2598%25AFkoc&source=unknown","cookieCount":13}
[2026-03-05T02:35:15.756Z] login_polling {"url":"https://www.xiaohongshu.com/search_result?keyword=%25E4%25BB%2580%25E4%25B9%2588%25E6%2598%25AFkoc&source=unknown","elapsedMs":117761}
[2026-03-05T02:35:17.258Z] login_cookie_detected {"url":"https://www.xiaohongshu.com/search_result?keyword=%25E4%25BB%2580%25E4%25B9%2588%25E6%2598%25AFkoc&source=unknown","cookieCount":13}
[2026-03-05T02:35:17.273Z] login_polling {"url":"https://www.xiaohongshu.com/search_result?keyword=%25E4%25BB%2580%25E4%25B9%2588%25E6%2598%25AFkoc&source=unknown","elapsedMs":119278}
[2026-03-05T02:35:18.779Z] login_cookie_detected {"url":"https://www.xiaohongshu.com/search_result?keyword=%25E4%25BB%2580%25E4%25B9%2588%25E6%2598%25AFkoc&source=unknown","cookieCount":13}
[2026-03-05T02:35:18.790Z] login_polling {"url":"https://www.xiaohongshu.com/search_result?keyword=%25E4%25BB%2580%25E4%25B9%2588%25E6%2598%25AFkoc&source=unknown","elapsedMs":120795}
[2026-03-05T02:35:20.314Z] login_cookie_detected {"url":"https://www.xiaohongshu.com/search_result?keyword=%25E4%25BB%2580%25E4%25B9%2588%25E6%2598%25AFkoc&source=unknown","cookieCount":13}
[2026-03-05T02:35:20.343Z] login_polling {"url":"https://www.xiaohongshu.com/search_result?keyword=%25E4%25BB%2580%25E4%25B9%2588%25E6%2598%25AFkoc&source=unknown","elapsedMs":122348}
[2026-03-05T02:35:21.846Z] login_cookie_detected {"url":"https://www.xiaohongshu.com/search_result?keyword=%25E4%25BB%2580%25E4%25B9%2588%25E6%2598%25AFkoc&source=unknown","cookieCount":13}
[2026-03-05T02:35:21.857Z] login_polling {"url":"https://www.xiaohongshu.com/search_result?keyword=%25E4%25BB%2580%25E4%25B9%2588%25E6%2598%25AFkoc&source=unknown","elapsedMs":123862}
[2026-03-05T02:35:23.361Z] login_cookie_detected {"url":"https://www.xiaohongshu.com/search_result?keyword=%25E4%25BB%2580%25E4%25B9%2588%25E6%2598%25AFkoc&source=unknown","cookieCount":13}
[2026-03-05T02:35:23.373Z] login_polling {"url":"https://www.xiaohongshu.com/search_result?keyword=%25E4%25BB%2580%25E4%25B9%2588%25E6%2598%25AFkoc&source=unknown","elapsedMs":125377}
[2026-03-05T02:35:24.875Z] login_cookie_detected {"url":"https://www.xiaohongshu.com/search_result?keyword=%25E4%25BB%2580%25E4%25B9%2588%25E6%2598%25AFkoc&source=unknown","cookieCount":13}
[2026-03-05T02:35:24.888Z] login_polling {"url":"https://www.xiaohongshu.com/search_result?keyword=%25E4%25BB%2580%25E4%25B9%2588%25E6%2598%25AFkoc&source=unknown","elapsedMs":126893}
[2026-03-05T02:35:26.391Z] login_cookie_detected {"url":"https://www.xiaohongshu.com/search_result?keyword=%25E4%25BB%2580%25E4%25B9%2588%25E6%2598%25AFkoc&source=unknown","cookieCount":13}
[2026-03-05T02:35:26.405Z] login_polling {"url":"https://www.xiaohongshu.com/search_result?keyword=%25E4%25BB%2580%25E4%25B9%2588%25E6%2598%25AFkoc&source=unknown","elapsedMs":128409}
[2026-03-05T02:35:27.907Z] login_cookie_detected {"url":"https://www.xiaohongshu.com/search_result?keyword=%25E4%25BB%2580%25E4%25B9%2588%25E6%2598%25AFkoc&source=unknown","cookieCount":13}
[2026-03-05T02:35:27.922Z] login_polling {"url":"https://www.xiaohongshu.com/search_result?keyword=%25E4%25BB%2580%25E4%25B9%2588%25E6%2598%25AFkoc&source=unknown","elapsedMs":129927}
[2026-03-05T02:35:29.433Z] login_cookie_detected {"url":"https://www.xiaohongshu.com/search_result?keyword=%25E4%25BB%2580%25E4%25B9%2588%25E6%2598%25AFkoc&source=unknown","cookieCount":13}
[2026-03-05T02:35:29.453Z] login_polling {"url":"https://www.xiaohongshu.com/search_result?keyword=%25E4%25BB%2580%25E4%25B9%2588%25E6%2598%25AFkoc&source=unknown","elapsedMs":131458}
[2026-03-05T02:35:30.957Z] login_cookie_detected {"url":"https://www.xiaohongshu.com/search_result?keyword=%25E4%25BB%2580%25E4%25B9%2588%25E6%2598%25AFkoc%25E4%25BB%2580%25E4%25B9%2588%25E6%2598%25AFkol&source=unknown","cookieCount":13}
[2026-03-05T02:35:30.970Z] login_polling {"url":"https://www.xiaohongshu.com/search_result?keyword=%25E4%25BB%2580%25E4%25B9%2588%25E6%2598%25AFkoc%25E4%25BB%2580%25E4%25B9%2588%25E6%2598%25AFkol&source=unknown","elapsedMs":132975}
[2026-03-05T02:35:32.473Z] login_cookie_detected {"url":"https://www.xiaohongshu.com/search_result?keyword=%25E4%25BB%2580%25E4%25B9%2588%25E6%2598%25AFkoc%25E4%25BB%2580%25E4%25B9%2588%25E6%2598%25AFkol&source=unknown","cookieCount":13}
[2026-03-05T02:35:32.485Z] login_polling {"url":"https://www.xiaohongshu.com/search_result?keyword=%25E4%25BB%2580%25E4%25B9%2588%25E6%2598%25AFkoc%25E4%25BB%2580%25E4%25B9%2588%25E6%2598%25AFkol&source=unknown","elapsedMs":134490}
[2026-03-05T02:35:33.988Z] login_cookie_detected {"url":"https://www.xiaohongshu.com/search_result?keyword=%25E4%25BB%2580%25E4%25B9%2588%25E6%2598%25AFkoc%25E4%25BB%2580%25E4%25B9%2588%25E6%2598%25AFkol&source=unknown","cookieCount":13}
[2026-03-05T02:35:34.004Z] login_polling {"url":"https://www.xiaohongshu.com/search_result?keyword=%25E4%25BB%2580%25E4%25B9%2588%25E6%2598%25AFkoc%25E4%25BB%2580%25E4%25B9%2588%25E6%2598%25AFkol&source=unknown","elapsedMs":136009}
[2026-03-05T02:35:35.506Z] login_cookie_detected {"url":"https://www.xiaohongshu.com/search_result?keyword=%25E4%25BB%2580%25E4%25B9%2588%25E6%2598%25AFkoc%25E4%25BB%2580%25E4%25B9%2588%25E6%2598%25AFkol&source=unknown","cookieCount":13}
[2026-03-05T02:35:35.520Z] login_polling {"url":"https://www.xiaohongshu.com/search_result?keyword=%25E4%25BB%2580%25E4%25B9%2588%25E6%2598%25AFkoc%25E4%25BB%2580%25E4%25B9%2588%25E6%2598%25AFkol&source=unknown","elapsedMs":137525}
[2026-03-05T02:35:37.038Z] login_cookie_detected {"url":"https://www.xiaohongshu.com/search_result?keyword=%25E4%25BB%2580%25E4%25B9%2588%25E6%2598%25AFkoc%25E4%25BB%2580%25E4%25B9%2588%25E6%2598%25AFkol&source=unknown","cookieCount":13}
[2026-03-05T02:35:37.059Z] login_polling {"url":"https://www.xiaohongshu.com/search_result?keyword=%25E4%25BB%2580%25E4%25B9%2588%25E6%2598%25AFkoc%25E4%25BB%2580%25E4%25B9%2588%25E6%2598%25AFkol&source=unknown","elapsedMs":139064}
[2026-03-05T02:35:38.563Z] login_cookie_detected {"url":"https://www.xiaohongshu.com/search_result?keyword=%25E4%25BB%2580%25E4%25B9%2588%25E6%2598%25AFkoc%25E4%25BB%2580%25E4%25B9%2588%25E6%2598%25AFkol&source=unknown","cookieCount":13}
[2026-03-05T02:35:38.576Z] login_polling {"url":"https://www.xiaohongshu.com/search_result?keyword=%25E4%25BB%2580%25E4%25B9%2588%25E6%2598%25AFkoc%25E4%25BB%2580%25E4%25B9%2588%25E6%2598%25AFkol&source=unknown","elapsedMs":140581}
[2026-03-05T02:35:40.079Z] login_cookie_detected {"url":"https://www.xiaohongshu.com/search_result?keyword=%25E4%25BB%2580%25E4%25B9%2588%25E6%2598%25AFkoc%25E4%25BB%2580%25E4%25B9%2588%25E6%2598%25AFkol&source=unknown","cookieCount":13}
[2026-03-05T02:35:40.089Z] login_polling {"url":"https://www.xiaohongshu.com/search_result?keyword=%25E4%25BB%2580%25E4%25B9%2588%25E6%2598%25AFkoc%25E4%25BB%2580%25E4%25B9%2588%25E6%2598%25AFkol&source=unknown","elapsedMs":142094}
[2026-03-05T02:35:41.594Z] login_cookie_detected {"url":"https://www.xiaohongshu.com/search_result?keyword=%25E4%25BB%2580%25E4%25B9%2588%25E6%2598%25AFkoc%25E4%25BB%2580%25E4%25B9%2588%25E6%2598%25AFkol&source=unknown","cookieCount":13}
[2026-03-05T02:35:41.605Z] login_polling {"url":"https://www.xiaohongshu.com/search_result?keyword=%25E4%25BB%2580%25E4%25B9%2588%25E6%2598%25AFkoc%25E4%25BB%2580%25E4%25B9%2588%25E6%2598%25AFkol&source=unknown","elapsedMs":143610}
[2026-03-05T02:35:43.107Z] login_cookie_detected {"url":"https://www.xiaohongshu.com/explore/674c0724000000000203bbde?xsec_token=ABCnM5DGU4hyCTK5i2vbhZBcRYaiNyhou-SHpCPJsYk14=&xsec_source=pc_search&source=unknown","cookieCount":13}
[2026-03-05T02:35:43.180Z] login_polling {"url":"https://www.xiaohongshu.com/explore/674c0724000000000203bbde?xsec_token=ABCnM5DGU4hyCTK5i2vbhZBcRYaiNyhou-SHpCPJsYk14=&xsec_source=pc_search&source=unknown","elapsedMs":145185}
[2026-03-05T02:35:44.684Z] login_cookie_detected {"url":"https://www.xiaohongshu.com/explore/674c0724000000000203bbde?xsec_token=ABCnM5DGU4hyCTK5i2vbhZBcRYaiNyhou-SHpCPJsYk14=&xsec_source=pc_search&source=unknown","cookieCount":13}
[2026-03-05T02:35:44.699Z] login_polling {"url":"https://www.xiaohongshu.com/explore/674c0724000000000203bbde?xsec_token=ABCnM5DGU4hyCTK5i2vbhZBcRYaiNyhou-SHpCPJsYk14=&xsec_source=pc_search&source=unknown","elapsedMs":146704}
[2026-03-05T02:35:46.200Z] login_cookie_detected {"url":"https://www.xiaohongshu.com/explore/674c0724000000000203bbde?xsec_token=ABCnM5DGU4hyCTK5i2vbhZBcRYaiNyhou-SHpCPJsYk14=&xsec_source=pc_search&source=unknown","cookieCount":13}
[2026-03-05T02:35:46.216Z] login_polling {"url":"https://www.xiaohongshu.com/explore/674c0724000000000203bbde?xsec_token=ABCnM5DGU4hyCTK5i2vbhZBcRYaiNyhou-SHpCPJsYk14=&xsec_source=pc_search&source=unknown","elapsedMs":148221}
[2026-03-05T02:35:47.719Z] login_cookie_detected {"url":"https://www.xiaohongshu.com/explore/674c0724000000000203bbde?xsec_token=ABCnM5DGU4hyCTK5i2vbhZBcRYaiNyhou-SHpCPJsYk14=&xsec_source=pc_search&source=unknown","cookieCount":13}
[2026-03-05T02:35:47.736Z] login_polling {"url":"https://www.xiaohongshu.com/explore/674c0724000000000203bbde?xsec_token=ABCnM5DGU4hyCTK5i2vbhZBcRYaiNyhou-SHpCPJsYk14=&xsec_source=pc_search&source=unknown","elapsedMs":149741}
[2026-03-05T02:35:49.239Z] login_cookie_detected {"url":"https://www.xiaohongshu.com/explore/674c0724000000000203bbde?xsec_token=ABCnM5DGU4hyCTK5i2vbhZBcRYaiNyhou-SHpCPJsYk14=&xsec_source=pc_search&source=unknown","cookieCount":13}
[2026-03-05T02:35:49.254Z] login_polling {"url":"https://www.xiaohongshu.com/explore/674c0724000000000203bbde?xsec_token=ABCnM5DGU4hyCTK5i2vbhZBcRYaiNyhou-SHpCPJsYk14=&xsec_source=pc_search&source=unknown","elapsedMs":151259}
[2026-03-05T02:35:50.756Z] login_cookie_detected {"url":"https://www.xiaohongshu.com/explore/674c0724000000000203bbde?xsec_token=ABCnM5DGU4hyCTK5i2vbhZBcRYaiNyhou-SHpCPJsYk14=&xsec_source=pc_search&source=unknown","cookieCount":13}
[2026-03-05T02:35:50.769Z] login_polling {"url":"https://www.xiaohongshu.com/explore/674c0724000000000203bbde?xsec_token=ABCnM5DGU4hyCTK5i2vbhZBcRYaiNyhou-SHpCPJsYk14=&xsec_source=pc_search&source=unknown","elapsedMs":152774}
[2026-03-05T02:35:52.286Z] login_cookie_detected {"url":"https://www.xiaohongshu.com/explore/674c0724000000000203bbde?xsec_token=ABCnM5DGU4hyCTK5i2vbhZBcRYaiNyhou-SHpCPJsYk14=&xsec_source=pc_search&source=unknown","cookieCount":13}
[2026-03-05T02:35:52.307Z] login_polling {"url":"https://www.xiaohongshu.com/explore/674c0724000000000203bbde?xsec_token=ABCnM5DGU4hyCTK5i2vbhZBcRYaiNyhou-SHpCPJsYk14=&xsec_source=pc_search&source=unknown","elapsedMs":154312}
[2026-03-05T02:35:53.813Z] login_cookie_detected {"url":"https://www.xiaohongshu.com/explore/674c0724000000000203bbde?xsec_token=ABCnM5DGU4hyCTK5i2vbhZBcRYaiNyhou-SHpCPJsYk14=&xsec_source=pc_search&source=unknown","cookieCount":13}
[2026-03-05T02:35:53.838Z] login_polling {"url":"https://www.xiaohongshu.com/explore/674c0724000000000203bbde?xsec_token=ABCnM5DGU4hyCTK5i2vbhZBcRYaiNyhou-SHpCPJsYk14=&xsec_source=pc_search&source=unknown","elapsedMs":155842}
[2026-03-05T02:35:55.343Z] login_cookie_detected {"url":"https://www.xiaohongshu.com/search_result?keyword=%25E4%25BB%2580%25E4%25B9%2588%25E6%2598%25AFkoc%25E4%25BB%2580%25E4%25B9%2588%25E6%2598%25AFkol&source=unknown","cookieCount":13}
[2026-03-05T02:35:55.355Z] login_polling {"url":"https://www.xiaohongshu.com/search_result?keyword=%25E4%25BB%2580%25E4%25B9%2588%25E6%2598%25AFkoc%25E4%25BB%2580%25E4%25B9%2588%25E6%2598%25AFkol&source=unknown","elapsedMs":157360}
[2026-03-05T02:35:56.861Z] login_cookie_detected {"url":"https://www.xiaohongshu.com/search_result?keyword=%25E4%25BB%2580%25E4%25B9%2588%25E6%2598%25AFkoc%25E4%25BB%2580%25E4%25B9%2588%25E6%2598%25AFkol&source=unknown","cookieCount":13}
[2026-03-05T02:35:56.873Z] login_polling {"url":"https://www.xiaohongshu.com/search_result?keyword=%25E4%25BB%2580%25E4%25B9%2588%25E6%2598%25AFkoc%25E4%25BB%2580%25E4%25B9%2588%25E6%2598%25AFkol&source=unknown","elapsedMs":158878}
[2026-03-05T02:35:58.376Z] login_cookie_detected {"url":"https://www.xiaohongshu.com/search_result?keyword=%25E4%25BB%2580%25E4%25B9%2588%25E6%2598%25AFkoc%25E4%25BB%2580%25E4%25B9%2588%25E6%2598%25AFkol&source=unknown","cookieCount":13}
[2026-03-05T02:35:58.390Z] login_polling {"url":"https://www.xiaohongshu.com/search_result?keyword=%25E4%25BB%2580%25E4%25B9%2588%25E6%2598%25AFkoc%25E4%25BB%2580%25E4%25B9%2588%25E6%2598%25AFkol&source=unknown","elapsedMs":160395}
[2026-03-05T02:35:59.893Z] login_cookie_detected {"url":"https://www.xiaohongshu.com/explore/681c7f76000000000c03960f?xsec_token=ABv2duWevwyO9YKCk57NW6n-untrxvg5fZpP2QA0ex0ew=&xsec_source=pc_search&source=unknown","cookieCount":13}
[2026-03-05T02:35:59.923Z] login_polling {"url":"https://www.xiaohongshu.com/explore/681c7f76000000000c03960f?xsec_token=ABv2duWevwyO9YKCk57NW6n-untrxvg5fZpP2QA0ex0ew=&xsec_source=pc_search&source=unknown","elapsedMs":161928}
[2026-03-05T02:36:01.427Z] login_cookie_detected {"url":"https://www.xiaohongshu.com/explore/681c7f76000000000c03960f?xsec_token=ABv2duWevwyO9YKCk57NW6n-untrxvg5fZpP2QA0ex0ew=&xsec_source=pc_search&source=unknown","cookieCount":13}
[2026-03-05T02:36:01.440Z] login_polling {"url":"https://www.xiaohongshu.com/explore/681c7f76000000000c03960f?xsec_token=ABv2duWevwyO9YKCk57NW6n-untrxvg5fZpP2QA0ex0ew=&xsec_source=pc_search&source=unknown","elapsedMs":163445}
[2026-03-05T02:36:02.944Z] login_cookie_detected {"url":"https://www.xiaohongshu.com/explore/681c7f76000000000c03960f?xsec_token=ABv2duWevwyO9YKCk57NW6n-untrxvg5fZpP2QA0ex0ew=&xsec_source=pc_search&source=unknown","cookieCount":13}
[2026-03-05T02:36:02.957Z] login_polling {"url":"https://www.xiaohongshu.com/explore/681c7f76000000000c03960f?xsec_token=ABv2duWevwyO9YKCk57NW6n-untrxvg5fZpP2QA0ex0ew=&xsec_source=pc_search&source=unknown","elapsedMs":164962}
[2026-03-05T02:36:04.463Z] login_cookie_detected {"url":"https://www.xiaohongshu.com/explore/681c7f76000000000c03960f?xsec_token=ABv2duWevwyO9YKCk57NW6n-untrxvg5fZpP2QA0ex0ew=&xsec_source=pc_search&source=unknown","cookieCount":13}
[2026-03-05T02:36:04.478Z] login_polling {"url":"https://www.xiaohongshu.com/explore/681c7f76000000000c03960f?xsec_token=ABv2duWevwyO9YKCk57NW6n-untrxvg5fZpP2QA0ex0ew=&xsec_source=pc_search&source=unknown","elapsedMs":166483}
[2026-03-05T02:36:05.981Z] login_cookie_detected {"url":"https://www.xiaohongshu.com/explore/681c7f76000000000c03960f?xsec_token=ABv2duWevwyO9YKCk57NW6n-untrxvg5fZpP2QA0ex0ew=&xsec_source=pc_search&source=unknown","cookieCount":13}
[2026-03-05T02:36:05.995Z] login_polling {"url":"https://www.xiaohongshu.com/explore/681c7f76000000000c03960f?xsec_token=ABv2duWevwyO9YKCk57NW6n-untrxvg5fZpP2QA0ex0ew=&xsec_source=pc_search&source=unknown","elapsedMs":168000}
[2026-03-05T02:36:07.498Z] login_cookie_detected {"url":"https://www.xiaohongshu.com/explore/681c7f76000000000c03960f?xsec_token=ABv2duWevwyO9YKCk57NW6n-untrxvg5fZpP2QA0ex0ew=&xsec_source=pc_search&source=unknown","cookieCount":13}
[2026-03-05T02:36:07.514Z] login_polling {"url":"https://www.xiaohongshu.com/explore/681c7f76000000000c03960f?xsec_token=ABv2duWevwyO9YKCk57NW6n-untrxvg5fZpP2QA0ex0ew=&xsec_source=pc_search&source=unknown","elapsedMs":169518}
[2026-03-05T02:36:09.017Z] login_cookie_detected {"url":"https://www.xiaohongshu.com/explore/681c7f76000000000c03960f?xsec_token=ABv2duWevwyO9YKCk57NW6n-untrxvg5fZpP2QA0ex0ew=&xsec_source=pc_search&source=unknown","cookieCount":13}
[2026-03-05T02:36:09.031Z] login_polling {"url":"https://www.xiaohongshu.com/explore/681c7f76000000000c03960f?xsec_token=ABv2duWevwyO9YKCk57NW6n-untrxvg5fZpP2QA0ex0ew=&xsec_source=pc_search&source=unknown","elapsedMs":171036}
[2026-03-05T02:36:10.536Z] login_cookie_detected {"url":"https://www.xiaohongshu.com/explore/681c7f76000000000c03960f?xsec_token=ABv2duWevwyO9YKCk57NW6n-untrxvg5fZpP2QA0ex0ew=&xsec_source=pc_search&source=unknown","cookieCount":13}
[2026-03-05T02:36:10.548Z] login_polling {"url":"https://www.xiaohongshu.com/explore/681c7f76000000000c03960f?xsec_token=ABv2duWevwyO9YKCk57NW6n-untrxvg5fZpP2QA0ex0ew=&xsec_source=pc_search&source=unknown","elapsedMs":172553}
[2026-03-05T02:36:12.051Z] login_cookie_detected {"url":"https://www.xiaohongshu.com/search_result?keyword=%25E4%25BB%2580%25E4%25B9%2588%25E6%2598%25AFkoc%25E4%25BB%2580%25E4%25B9%2588%25E6%2598%25AFkol&source=unknown","cookieCount":13}
[2026-03-05T02:36:12.060Z] login_polling {"url":"https://www.xiaohongshu.com/search_result?keyword=%25E4%25BB%2580%25E4%25B9%2588%25E6%2598%25AFkoc%25E4%25BB%2580%25E4%25B9%2588%25E6%2598%25AFkol&source=unknown","elapsedMs":174065}
[2026-03-05T02:36:13.569Z] login_cookie_detected {"url":"https://www.xiaohongshu.com/explore/6914a494000000000402389b?xsec_token=ABKYbXC0oF3kL22_qVg_jCe7ta_tGlZPIUBfrKJSXjh3o=&xsec_source=pc_search&source=unknown","cookieCount":13}
[2026-03-05T02:36:13.597Z] login_polling {"url":"https://www.xiaohongshu.com/explore/6914a494000000000402389b?xsec_token=ABKYbXC0oF3kL22_qVg_jCe7ta_tGlZPIUBfrKJSXjh3o=&xsec_source=pc_search&source=unknown","elapsedMs":175602}
[2026-03-05T02:36:15.098Z] login_cookie_detected {"url":"https://www.xiaohongshu.com/explore/6914a494000000000402389b?xsec_token=ABKYbXC0oF3kL22_qVg_jCe7ta_tGlZPIUBfrKJSXjh3o=&xsec_source=pc_search&source=unknown","cookieCount":13}
[2026-03-05T02:36:15.113Z] login_polling {"url":"https://www.xiaohongshu.com/explore/6914a494000000000402389b?xsec_token=ABKYbXC0oF3kL22_qVg_jCe7ta_tGlZPIUBfrKJSXjh3o=&xsec_source=pc_search&source=unknown","elapsedMs":177118}
[2026-03-05T02:36:16.617Z] login_cookie_detected {"url":"https://www.xiaohongshu.com/search_result?keyword=%25E4%25BB%2580%25E4%25B9%2588%25E6%2598%25AFkoc%25E4%25BB%2580%25E4%25B9%2588%25E6%2598%25AFkol&source=unknown","cookieCount":13}
[2026-03-05T02:36:16.627Z] login_polling {"url":"https://www.xiaohongshu.com/search_result?keyword=%25E4%25BB%2580%25E4%25B9%2588%25E6%2598%25AFkoc%25E4%25BB%2580%25E4%25B9%2588%25E6%2598%25AFkol&source=unknown","elapsedMs":178632}
[2026-03-05T02:36:18.129Z] login_timeout {"urls":["https://www.xiaohongshu.com/search_result?keyword=%25E4%25BB%2580%25E4%25B9%2588%25E6%2598%25AFkoc%25E4%25BB%2580%25E4%25B9%2588%25E6%2598%25AFkol&source=unknown"]}
[2026-03-05T02:50:12.767Z] login_page_opened {"url":"https://www.xiaohongshu.com/login?redirectPath=%2Fexplore","requestedUrl":"https://www.xiaohongshu.com/login?redirectPath=%2Fexplore"}
[2026-03-05T02:50:14.391Z] login_cookie_detected {"url":"https://www.xiaohongshu.com/login?redirectPath=%2Fexplore","cookieCount":10}
[2026-03-05T02:50:15.439Z] login_probe_validation {"ok":true,"info":{"url":"https://www.xiaohongshu.com/search_result/?keyword=%E6%BD%AE%E7%8E%A9&type=1","hasLogin":false,"hasCaptcha":false,"isHomeFeed":false}}
[2026-03-05T02:54:19.622Z] login_page_opened {"url":"https://www.xiaohongshu.com/login?redirectPath=%2Fexplore","requestedUrl":"https://www.xiaohongshu.com/login?redirectPath=%2Fexplore"}
[2026-03-05T02:54:21.241Z] login_cookie_detected {"url":"https://www.xiaohongshu.com/login?redirectPath=%2Fexplore","cookieCount":10}
[2026-03-05T02:54:22.337Z] login_probe_validation {"ok":true,"info":{"url":"https://www.xiaohongshu.com/search_result/?keyword=%E6%BD%AE%E7%8E%A9&type=1","hasLogin":false,"hasCaptcha":false,"isHomeFeed":false}}
[2026-03-05T04:49:44.836Z] login_page_opened {"url":"https://www.xiaohongshu.com/login?redirectPath=%2Fexplore","requestedUrl":"https://www.xiaohongshu.com/login?redirectPath=%2Fexplore"}
[2026-03-05T04:49:46.540Z] login_cookie_detected {"url":"https://www.xiaohongshu.com/login?redirectPath=%2Fexplore","cookieCount":10,"authCookies":["a1:19cbc547...","web_session:030037ae..."]}
[2026-03-05T04:49:47.497Z] login_probe_validation {"ok":true,"info":{"url":"https://www.xiaohongshu.com/search_result/?keyword=%E6%BD%AE%E7%8E%A9&type=1","hasLogin":false,"hasCaptcha":false,"isHomeFeed":false},"pageState":{"url":"https://www.xiaohongshu.com/login?redirectPath=%2Fexplore","hasLogin":true,"hasCaptcha":true},"onLoginPage":true,"hasAuthCookie":true,"strictReady":false,"stableAuthPassCount":0,"activeUrl":"https://www.xiaohongshu.com/login?redirectPath=%2Fexplore"}
[2026-03-05T04:49:47.623Z] login_polling {"url":"https://www.xiaohongshu.com/login?redirectPath=%2Fexplore","elapsedMs":1086}
[2026-03-05T04:49:49.126Z] login_cookie_detected {"url":"https://www.xiaohongshu.com/login?redirectPath=%2Fexplore","cookieCount":11,"authCookies":["a1:19cbc547...","web_session:030037ae..."]}
[2026-03-05T04:49:49.225Z] login_polling {"url":"https://www.xiaohongshu.com/login?redirectPath=%2Fexplore","elapsedMs":2688}
[2026-03-05T04:49:50.730Z] login_cookie_detected {"url":"https://www.xiaohongshu.com/login?redirectPath=%2Fexplore","cookieCount":11,"authCookies":["a1:19cbc547...","web_session:030037ae..."]}
[2026-03-05T04:49:50.826Z] login_polling {"url":"https://www.xiaohongshu.com/login?redirectPath=%2Fexplore","elapsedMs":4289}
[2026-03-05T04:49:52.331Z] login_cookie_detected {"url":"https://www.xiaohongshu.com/login?redirectPath=%2Fexplore","cookieCount":11,"authCookies":["a1:19cbc547...","web_session:030037ae..."]}
[2026-03-05T04:49:56.455Z] login_polling {"url":"https://www.xiaohongshu.com/login?redirectPath=%2Fexplore","elapsedMs":9918}
[2026-03-05T04:49:57.959Z] login_cookie_detected {"url":"https://www.xiaohongshu.com/login?redirectPath=%2Fexplore","cookieCount":11,"authCookies":["a1:19cbc547...","web_session:030037ae..."]}
[2026-03-05T04:49:58.715Z] login_probe_validation {"ok":true,"info":{"url":"https://www.xiaohongshu.com/search_result/?keyword=%E6%BD%AE%E7%8E%A9&type=1","hasLogin":false,"hasCaptcha":false,"isHomeFeed":false},"pageState":{"url":"https://www.xiaohongshu.com/login?redirectPath=%2Fexplore","hasLogin":true,"hasCaptcha":true},"onLoginPage":true,"hasAuthCookie":true,"strictReady":false,"stableAuthPassCount":0,"activeUrl":"https://www.xiaohongshu.com/login?redirectPath=%2Fexplore"}
[2026-03-05T04:50:01.745Z] login_polling {"url":"https://www.xiaohongshu.com/login?redirectPath=%2Fexplore","elapsedMs":15208}
[2026-03-05T04:50:03.248Z] login_cookie_detected {"url":"https://www.xiaohongshu.com/login?redirectPath=%2Fexplore","cookieCount":11,"authCookies":["a1:19cbc547...","web_session:030037ae..."]}
[2026-03-05T04:50:03.344Z] login_polling {"url":"https://www.xiaohongshu.com/login?redirectPath=%2Fexplore","elapsedMs":16807}
[2026-03-05T04:50:04.887Z] login_cookie_detected {"url":"https://www.xiaohongshu.com/login?redirectPath=%2Fexplore","cookieCount":12,"authCookies":["a1:19cbc547...","web_session:0400698e...","id_token:VjEAAE4+..."]}
[2026-03-05T04:50:06.587Z] login_probe_validation {"ok":true,"info":{"url":"https://www.xiaohongshu.com/search_result/?keyword=%E6%BD%AE%E7%8E%A9&type=1","hasLogin":false,"hasCaptcha":false,"isHomeFeed":false},"pageState":{"url":"https://www.xiaohongshu.com/login?redirectPath=%2Fexplore","hasLogin":true,"hasCaptcha":false},"onLoginPage":true,"hasAuthCookie":true,"strictReady":false,"stableAuthPassCount":0,"activeUrl":"https://www.xiaohongshu.com/login?redirectPath=%2Fexplore"}
[2026-03-05T04:50:06.606Z] login_polling {"url":"https://www.xiaohongshu.com/explore","elapsedMs":20069}
[2026-03-05T04:50:08.109Z] login_cookie_detected {"url":"https://www.xiaohongshu.com/explore","cookieCount":12,"authCookies":["a1:19cbc547...","web_session:0400698e...","id_token:VjEAAE4+..."]}
[2026-03-05T04:50:08.157Z] login_polling {"url":"https://www.xiaohongshu.com/explore","elapsedMs":21620}
[2026-03-05T04:50:09.660Z] login_cookie_detected {"url":"https://www.xiaohongshu.com/explore","cookieCount":13,"authCookies":["a1:19cbc547...","web_session:0400698e...","id_token:VjEAAE4+..."]}
[2026-03-05T04:50:09.674Z] login_polling {"url":"https://www.xiaohongshu.com/explore","elapsedMs":23137}
[2026-03-05T04:50:11.176Z] login_cookie_detected {"url":"https://www.xiaohongshu.com/explore","cookieCount":13,"authCookies":["a1:19cbc547...","web_session:0400698e...","id_token:VjEAAE4+..."]}
[2026-03-05T04:50:12.125Z] login_probe_validation {"ok":true,"info":{"url":"https://www.xiaohongshu.com/search_result/?keyword=%E6%BD%AE%E7%8E%A9&type=1","hasLogin":false,"hasCaptcha":false,"isHomeFeed":false},"pageState":{"url":"https://www.xiaohongshu.com/explore","hasLogin":false,"hasCaptcha":false},"onLoginPage":false,"hasAuthCookie":true,"strictReady":true,"stableAuthPassCount":1,"activeUrl":"https://www.xiaohongshu.com/explore"}
[2026-03-05T04:50:12.222Z] login_polling {"url":"https://www.xiaohongshu.com/explore","elapsedMs":25685}
[2026-03-05T04:50:13.733Z] login_cookie_detected {"url":"https://www.xiaohongshu.com/explore","cookieCount":13,"authCookies":["a1:19cbc547...","web_session:0400698e...","id_token:VjEAAE4+..."]}
[2026-03-05T04:50:13.743Z] login_polling {"url":"https://www.xiaohongshu.com/explore","elapsedMs":27206}
[2026-03-05T04:50:15.245Z] login_cookie_detected {"url":"https://www.xiaohongshu.com/explore","cookieCount":13,"authCookies":["a1:19cbc547...","web_session:0400698e...","id_token:VjEAAE4+..."]}
[2026-03-05T04:50:15.288Z] login_polling {"url":"https://www.xiaohongshu.com/explore","elapsedMs":28751}
[2026-03-05T04:50:16.792Z] login_cookie_detected {"url":"https://www.xiaohongshu.com/explore","cookieCount":13,"authCookies":["a1:19cbc547...","web_session:0400698e...","id_token:VjEAAE4+..."]}
[2026-03-05T04:50:16.807Z] login_polling {"url":"https://www.xiaohongshu.com/explore","elapsedMs":30270}
[2026-03-05T04:50:18.518Z] login_cookie_detected {"url":"https://www.xiaohongshu.com/explore","cookieCount":13,"authCookies":["a1:19cbc547...","web_session:0400698e...","id_token:VjEAAE4+..."]}
[2026-03-05T04:50:19.053Z] login_probe_validation {"ok":true,"info":{"url":"https://www.xiaohongshu.com/search_result/?keyword=%E6%BD%AE%E7%8E%A9&type=1","hasLogin":false,"hasCaptcha":false,"isHomeFeed":false},"pageState":{"url":"https://www.xiaohongshu.com/explore","hasLogin":false,"hasCaptcha":false},"onLoginPage":false,"hasAuthCookie":true,"strictReady":true,"stableAuthPassCount":2,"activeUrl":"https://www.xiaohongshu.com/explore"}
